<?xml version="1.0" encoding="UTF-8"?>
<!-- Generated by org.testng.reporters.JUnitReportReporter -->
<testsuite skipped="0" hostname="DESKTOP-QFMIKKG" name="com.ibm.appium.appium_projects.AppTest" tests="1" failures="0" timestamp="2020-09-22T13:27:42 IST" time="48.223" errors="0">
  <testcase name="addTask" time="48.223" classname="com.ibm.appium.appium_projects.AppTest"/>
</testsuite> <!-- com.ibm.appium.appium_projects.AppTest -->
