<?xml version="1.0" encoding="UTF-8"?>
<!-- Generated by org.testng.reporters.JUnitReportReporter -->
<testsuite skipped="0" hostname="DESKTOP-QFMIKKG" name="com.ibm.appium.appium_projects.Task1" tests="1" failures="0" timestamp="2020-09-28T14:02:11 IST" time="38.329" errors="0">
  <testcase name="addTask" time="38.329" classname="com.ibm.appium.appium_projects.Task1"/>
</testsuite> <!-- com.ibm.appium.appium_projects.Task1 -->
